<?xml version="1.0" encoding="UTF-8" ?>
<testsuite errors="0" skipped="0" tests="17" time="0.175" failures="0" name="org.jboss.test.deployers.deploymentfactory.test.DeploymentFactoryUnitTestCase">
  <properties>
[...]
</properties>
  <testcase time="0.04" name="testCreateClassPathEntryPath"/>
  <testcase time="0.002" name="testCreateClassPathEntryPathErrors"/>
  <testcase time="0.001" name="testCreateClassPathEntryPathAndSuffixes"/>
  <testcase time="0.002" name="testCreateClassPathEntryPathAndSuffixesErrors"/>
  <testcase time="0.002" name="testCreateClassPathPath"/>
  <testcase time="0.002" name="testCreateClassPathPathErrors"/>
  <testcase time="0.003" name="testCreateClassPathPathAndSuffixes"/>
  <testcase time="0.001" name="testCreateClassPathPathAndSuffixesErrors"/>
  <testcase time="0.013" name="testAddContextPath"/>
  <testcase time="0.001" name="testAddContextPathErrors"/>
  <testcase time="0.002" name="testAddContextPathAndClassPath"/>
  <testcase time="0.001" name="testAddContextPathAndClassPathErrors"/>
  <testcase time="0.001" name="testAddContextPathAndMetaDataAndClassPath"/>
  <testcase time="0.001" name="testAddContextPathAndMetaDataPathAndAndClassPathErrors"/>
  <testcase time="0.002" name="testAddContexts"/>
  <testcase time="0.002" name="testAddContextsToContext"/>
  <testcase time="0.076" name="testSerialization"/>
</testsuite>